<?xml version="1.0" encoding="UTF-8"?>
<testng-results ignored="0" total="1" passed="1" failed="0" skipped="0">
  <reporter-output>
  </reporter-output>
  <suite started-at="2018-12-02T18:32:51Z" name="Suite" finished-at="2018-12-02T18:32:51Z" duration-ms="29">
    <groups>
    </groups>
    <test started-at="2018-12-02T18:32:51Z" name="Test" finished-at="2018-12-02T18:32:51Z" duration-ms="29">
      <class name="com.maven.MavenTest">
        <test-method signature="hello()[pri:0, instance:com.maven.MavenTest@198b6731]" started-at="2018-12-02T18:32:51Z" name="hello" finished-at="2018-12-02T18:32:51Z" duration-ms="7" status="PASS">
          <reporter-output>
          </reporter-output>
        </test-method> <!-- hello -->
      </class> <!-- com.maven.MavenTest -->
    </test> <!-- Test -->
  </suite> <!-- Suite -->
</testng-results>
